This file contains any messages produced by compilers while
running configure, to aid debugging if configure makes a mistake.

It was created by Mierda configure 1.0, which was
generated by GNU Autoconf 2.69.  Invocation command line was

  $ ./configure --with-check=/Users/ernesto/programas/check

## --------- ##
## Platform. ##
## --------- ##

hostname = HAL.local
uname -m = x86_64
uname -r = 13.0.0
uname -s = Darwin
uname -v = Darwin Kernel Version 13.0.0: Thu Sep 19 22:22:27 PDT 2013; root:xnu-2422.1.72~6/RELEASE_X86_64

/usr/bin/uname -p = i386
/bin/uname -X     = unknown

/bin/arch              = unknown
/usr/bin/arch -k       = unknown
/usr/convex/getsysinfo = unknown
/usr/bin/hostinfo      = Mach kernel version:
	 Darwin Kernel Version 13.0.0: Thu Sep 19 22:22:27 PDT 2013; root:xnu-2422.1.72~6/RELEASE_X86_64
Kernel configured for up to 4 processors.
2 processors are physically available.
4 processors are logically available.
Processor type: i486 (Intel 80486)
Processors active: 0 1 2 3
Primary memory available: 4.00 gigabytes
Default processor set: 204 tasks, 1768 threads, 4 processors
Load average: 2.85, Mach factor: 1.89
/bin/machine           = unknown
/usr/bin/oslevel       = unknown
/bin/universe          = unknown

PATH: /Users/ernesto/.rvm/gems/ruby-2.0.0-p195/bin
PATH: /Users/ernesto/.rvm/gems/ruby-2.0.0-p195@global/bin
PATH: /Users/ernesto/.rvm/rubies/ruby-2.0.0-p195/bin
PATH: /Users/ernesto/.rvm/bin
PATH: /Library/Frameworks/Python.framework/Versions/3.3/bin
PATH: /usr/bin
PATH: /bin
PATH: /usr/sbin
PATH: /sbin
PATH: /usr/local/bin
PATH: /opt/X11/bin
PATH: /Users/ernesto/.rvm/gems/ruby-2.0.0-p195/bin
PATH: /Users/ernesto/.rvm/gems/ruby-2.0.0-p195@global/bin
PATH: /Users/ernesto/.rvm/rubies/ruby-2.0.0-p195/bin
PATH: /Users/ernesto/.rvm/bin
PATH: /Library/Frameworks/Python.framework/Versions/3.3/bin
PATH: /Applications/Gnuplot.app/Contents/Resources/bin
PATH: /Applications/Octave.app/Contents/Resources/bin
PATH: /usr/local/mysql/bin
PATH: /Users/ernesto/programas/check/bin
PATH: /Users/ernesto/programas/homebrew/bin
PATH: /Users/ernesto/programas/homebrew/Cellar/automake/1.14.1/bin
PATH: /Users/ernesto/programas/homebrew/Cellar/check/0.9.11/bin
PATH: /Users/ernesto/programas/homebrew/Cellar/freetds/0.91/bin
PATH: /Users/ernesto/programas/apache-maven-3.0.4/bin
PATH: /Users/ernesto/programas/grails-2.4.2/bin
PATH: /Applications/Gnuplot.app/Contents/Resources/bin
PATH: /Applications/Octave.app/Contents/Resources/bin
PATH: /usr/local/mysql/bin
PATH: /Users/ernesto/programas/check/bin
PATH: /Users/ernesto/programas/homebrew/bin
PATH: /Users/ernesto/programas/homebrew/Cellar/automake/1.14.1/bin
PATH: /Users/ernesto/programas/homebrew/Cellar/check/0.9.11/bin
PATH: /Users/ernesto/programas/homebrew/Cellar/freetds/0.91/bin
PATH: /Users/ernesto/programas/apache-maven-3.0.4/bin
PATH: /Users/ernesto/.rvm/bin
PATH: /Users/ernesto/programas/grails-2.4.2/bin


## ----------- ##
## Core tests. ##
## ----------- ##

configure:2258: checking for a BSD-compatible install
configure:2326: result: /usr/bin/install -c
configure:2337: checking whether build environment is sane
configure:2392: result: yes
configure:2543: checking for a thread-safe mkdir -p
configure:2582: result: build-aux/install-sh -c -d
configure:2589: checking for gawk
configure:2619: result: no
configure:2589: checking for mawk
configure:2619: result: no
configure:2589: checking for nawk
configure:2619: result: no
configure:2589: checking for awk
configure:2605: found /usr/bin/awk
configure:2616: result: awk
configure:2627: checking whether make sets $(MAKE)
configure:2649: result: yes
configure:2678: checking whether make supports nested variables
configure:2695: result: yes
configure:2832: checking for style of include used by make
configure:2860: result: GNU
configure:2931: checking for gcc
configure:2947: found /usr/bin/gcc
configure:2958: result: gcc
configure:3187: checking for C compiler version
configure:3196: gcc --version >&5
Apple LLVM version 5.0 (clang-500.2.79) (based on LLVM 3.3svn)
Target: x86_64-apple-darwin13.0.0
Thread model: posix
Configured with: --prefix=/Applications/Xcode.app/Contents/Developer/usr --with-gxx-include-dir=/usr/include/c++/4.2.1
configure:3207: $? = 0
configure:3196: gcc -v >&5
Configured with: --prefix=/Applications/Xcode.app/Contents/Developer/usr --with-gxx-include-dir=/usr/include/c++/4.2.1
Apple LLVM version 5.0 (clang-500.2.79) (based on LLVM 3.3svn)
Target: x86_64-apple-darwin13.0.0
Thread model: posix
configure:3207: $? = 0
configure:3196: gcc -V >&5
clang: error: argument to '-V' is missing (expected 1 value)
clang: error: no input files
configure:3207: $? = 1
configure:3196: gcc -qversion >&5
clang: error: no input files
configure:3207: $? = 1
configure:3227: checking whether the C compiler works
configure:3249: gcc    conftest.c  >&5
configure:3253: $? = 0
configure:3301: result: yes
configure:3304: checking for C compiler default output file name
configure:3306: result: a.out
configure:3312: checking for suffix of executables
configure:3319: gcc -o conftest    conftest.c  >&5
configure:3323: $? = 0
configure:3345: result: 
configure:3367: checking whether we are cross compiling
configure:3375: gcc -o conftest    conftest.c  >&5
configure:3379: $? = 0
configure:3386: ./conftest
configure:3390: $? = 0
configure:3405: result: no
configure:3410: checking for suffix of object files
configure:3432: gcc -c   conftest.c >&5
configure:3436: $? = 0
configure:3457: result: o
configure:3461: checking whether we are using the GNU C compiler
configure:3480: gcc -c   conftest.c >&5
configure:3480: $? = 0
configure:3489: result: yes
configure:3498: checking whether gcc accepts -g
configure:3518: gcc -c -g  conftest.c >&5
configure:3518: $? = 0
configure:3559: result: yes
configure:3576: checking for gcc option to accept ISO C89
configure:3639: gcc  -c -g -O2  conftest.c >&5
configure:3639: $? = 0
configure:3652: result: none needed
configure:3677: checking whether gcc understands -c and -o together
configure:3699: gcc -c conftest.c -o conftest2.o
configure:3702: $? = 0
configure:3699: gcc -c conftest.c -o conftest2.o
configure:3702: $? = 0
configure:3714: result: yes
configure:3733: checking dependency style of gcc
configure:3844: result: gcc3
configure:3909: checking for ar
configure:3925: found /usr/bin/ar
configure:3936: result: ar
configure:3962: checking the archiver (ar) interface
configure:3978: gcc -c -g -O2  conftest.c >&5
configure:3978: $? = 0
configure:3980: ar cru libconftest.a conftest.o >&5
configure:3983: $? = 0
configure:4011: result: ar
configure:4080: checking for gcc
configure:4107: result: gcc
configure:4336: checking for C compiler version
configure:4345: gcc --version >&5
Apple LLVM version 5.0 (clang-500.2.79) (based on LLVM 3.3svn)
Target: x86_64-apple-darwin13.0.0
Thread model: posix
Configured with: --prefix=/Applications/Xcode.app/Contents/Developer/usr --with-gxx-include-dir=/usr/include/c++/4.2.1
configure:4356: $? = 0
configure:4345: gcc -v >&5
Configured with: --prefix=/Applications/Xcode.app/Contents/Developer/usr --with-gxx-include-dir=/usr/include/c++/4.2.1
Apple LLVM version 5.0 (clang-500.2.79) (based on LLVM 3.3svn)
Target: x86_64-apple-darwin13.0.0
Thread model: posix
configure:4356: $? = 0
configure:4345: gcc -V >&5
clang: error: argument to '-V' is missing (expected 1 value)
clang: error: no input files
configure:4356: $? = 1
configure:4345: gcc -qversion >&5
clang: error: no input files
configure:4356: $? = 1
configure:4360: checking whether we are using the GNU C compiler
configure:4388: result: yes
configure:4397: checking whether gcc accepts -g
configure:4458: result: yes
configure:4475: checking for gcc option to accept ISO C89
configure:4551: result: none needed
configure:4576: checking whether gcc understands -c and -o together
configure:4613: result: yes
configure:4632: checking dependency style of gcc
configure:4743: result: gcc3
configure:4787: checking build system type
configure:4801: result: x86_64-apple-darwin13.0.0
configure:4821: checking host system type
configure:4834: result: x86_64-apple-darwin13.0.0
configure:4875: checking how to print strings
configure:4902: result: printf
configure:4923: checking for a sed that does not truncate output
configure:4987: result: /Applications/Octave.app/Contents/Resources/bin/sed
configure:5005: checking for grep that handles long lines and -e
configure:5063: result: /usr/bin/grep
configure:5068: checking for egrep
configure:5130: result: /usr/bin/grep -E
configure:5135: checking for fgrep
configure:5197: result: /usr/bin/grep -F
configure:5232: checking for ld used by gcc
configure:5299: result: /Applications/Xcode.app/Contents/Developer/Toolchains/XcodeDefault.xctoolchain/usr/bin/ld
configure:5306: checking if the linker (/Applications/Xcode.app/Contents/Developer/Toolchains/XcodeDefault.xctoolchain/usr/bin/ld) is GNU ld
configure:5321: result: no
configure:5333: checking for BSD- or MS-compatible name lister (nm)
configure:5382: result: /usr/bin/nm
configure:5512: checking the name lister (/usr/bin/nm) interface
configure:5519: gcc -c -g -O2  conftest.c >&5
configure:5522: /usr/bin/nm "conftest.o"
configure:5525: output
0000000000000210 S _some_variable
configure:5532: result: BSD nm
configure:5535: checking whether ln -s works
configure:5539: result: yes
configure:5547: checking the maximum length of command line arguments
configure:5677: result: 196608
configure:5694: checking whether the shell understands some XSI constructs
configure:5704: result: yes
configure:5708: checking whether the shell understands "+="
configure:5714: result: yes
configure:5749: checking how to convert x86_64-apple-darwin13.0.0 file names to x86_64-apple-darwin13.0.0 format
configure:5789: result: func_convert_file_noop
configure:5796: checking how to convert x86_64-apple-darwin13.0.0 file names to toolchain format
configure:5816: result: func_convert_file_noop
configure:5823: checking for /Applications/Xcode.app/Contents/Developer/Toolchains/XcodeDefault.xctoolchain/usr/bin/ld option to reload object files
configure:5830: result: -r
configure:5904: checking for objdump
configure:5934: result: no
configure:5963: checking how to recognize dependent libraries
configure:6165: result: pass_all
configure:6250: checking for dlltool
configure:6280: result: no
configure:6310: checking how to associate runtime and link libraries
configure:6337: result: printf %s\n
configure:6461: checking for archiver @FILE support
configure:6478: gcc -c -g -O2  conftest.c >&5
configure:6478: $? = 0
configure:6481: ar cru libconftest.a @conftest.lst >&5
ar: @conftest.lst: No such file or directory
configure:6484: $? = 1
configure:6504: result: no
configure:6562: checking for strip
configure:6578: found /usr/bin/strip
configure:6589: result: strip
configure:6661: checking for ranlib
configure:6677: found /usr/bin/ranlib
configure:6688: result: ranlib
configure:6790: checking command to parse /usr/bin/nm output from gcc object
configure:6910: gcc -c -g -O2  conftest.c >&5
configure:6913: $? = 0
configure:6917: /usr/bin/nm conftest.o \| sed -n -e 's/^.*[ ]\([BCDEGRST][BCDEGRST]*\)[ ][ ]*\([_A-Za-z][_A-Za-z0-9]*\)$/\1 \2 \2/p' | sed '/ __gnu_lto/d' \> conftest.nm
configure:6920: $? = 0
cannot find nm_test_var in conftest.nm
configure:6910: gcc -c -g -O2  conftest.c >&5
configure:6913: $? = 0
configure:6917: /usr/bin/nm conftest.o \| sed -n -e 's/^.*[ ]\([BCDEGRST][BCDEGRST]*\)[ ][ ]*_\([_A-Za-z][_A-Za-z0-9]*\)$/\1 _\2 \2/p' | sed '/ __gnu_lto/d' \> conftest.nm
configure:6920: $? = 0
configure:6986: gcc -o conftest -g -O2   conftest.c conftstm.o >&5
configure:6989: $? = 0
configure:7027: result: ok
configure:7064: checking for sysroot
configure:7094: result: no
configure:7350: checking for mt
configure:7380: result: no
configure:7400: checking if : is a manifest tool
configure:7406: : '-?'
configure:7414: result: no
configure:7470: checking for dsymutil
configure:7486: found /usr/bin/dsymutil
configure:7497: result: dsymutil
configure:7562: checking for nmedit
configure:7578: found /usr/bin/nmedit
configure:7589: result: nmedit
configure:7654: checking for lipo
configure:7670: found /usr/bin/lipo
configure:7681: result: lipo
configure:7746: checking for otool
configure:7762: found /usr/bin/otool
configure:7773: result: otool
configure:7838: checking for otool64
configure:7868: result: no
configure:7913: checking for -single_module linker flag
gcc -g -O2  -o libconftest.dylib -dynamiclib -Wl,-single_module conftest.c
configure:7946: result: yes
configure:7949: checking for -exported_symbols_list linker flag
configure:7969: gcc -o conftest -g -O2   -Wl,-exported_symbols_list,conftest.sym conftest.c  >&5
configure:7969: $? = 0
configure:7979: result: yes
configure:7982: checking for -force_load linker flag
gcc -g -O2 -c -o conftest.o conftest.c
ar cru libconftest.a conftest.o
ranlib libconftest.a
gcc -g -O2  -o conftest conftest.c -Wl,-force_load,./libconftest.a
configure:8014: result: yes
configure:8056: checking how to run the C preprocessor
configure:8087: gcc -E  conftest.c
configure:8087: $? = 0
configure:8101: gcc -E  conftest.c
conftest.c:11:10: fatal error: 'ac_nonexistent.h' file not found
#include <ac_nonexistent.h>
         ^
1 error generated.
configure:8101: $? = 1
configure: failed program was:
| /* confdefs.h */
| #define PACKAGE_NAME "Mierda"
| #define PACKAGE_TARNAME "mierda"
| #define PACKAGE_VERSION "1.0"
| #define PACKAGE_STRING "Mierda 1.0"
| #define PACKAGE_BUGREPORT "check-devel AT lists.sourceforge.net"
| #define PACKAGE_URL ""
| #define PACKAGE "mierda"
| #define VERSION "1.0"
| /* end confdefs.h.  */
| #include <ac_nonexistent.h>
configure:8126: result: gcc -E
configure:8146: gcc -E  conftest.c
configure:8146: $? = 0
configure:8160: gcc -E  conftest.c
conftest.c:11:10: fatal error: 'ac_nonexistent.h' file not found
#include <ac_nonexistent.h>
         ^
1 error generated.
configure:8160: $? = 1
configure: failed program was:
| /* confdefs.h */
| #define PACKAGE_NAME "Mierda"
| #define PACKAGE_TARNAME "mierda"
| #define PACKAGE_VERSION "1.0"
| #define PACKAGE_STRING "Mierda 1.0"
| #define PACKAGE_BUGREPORT "check-devel AT lists.sourceforge.net"
| #define PACKAGE_URL ""
| #define PACKAGE "mierda"
| #define VERSION "1.0"
| /* end confdefs.h.  */
| #include <ac_nonexistent.h>
configure:8189: checking for ANSI C header files
configure:8209: gcc -c -g -O2  conftest.c >&5
configure:8209: $? = 0
configure:8282: gcc -o conftest -g -O2   conftest.c  >&5
configure:8282: $? = 0
configure:8282: ./conftest
configure:8282: $? = 0
configure:8293: result: yes
configure:8306: checking for sys/types.h
configure:8306: gcc -c -g -O2  conftest.c >&5
configure:8306: $? = 0
configure:8306: result: yes
configure:8306: checking for sys/stat.h
configure:8306: gcc -c -g -O2  conftest.c >&5
configure:8306: $? = 0
configure:8306: result: yes
configure:8306: checking for stdlib.h
configure:8306: gcc -c -g -O2  conftest.c >&5
configure:8306: $? = 0
configure:8306: result: yes
configure:8306: checking for string.h
configure:8306: gcc -c -g -O2  conftest.c >&5
configure:8306: $? = 0
configure:8306: result: yes
configure:8306: checking for memory.h
configure:8306: gcc -c -g -O2  conftest.c >&5
configure:8306: $? = 0
configure:8306: result: yes
configure:8306: checking for strings.h
configure:8306: gcc -c -g -O2  conftest.c >&5
configure:8306: $? = 0
configure:8306: result: yes
configure:8306: checking for inttypes.h
configure:8306: gcc -c -g -O2  conftest.c >&5
configure:8306: $? = 0
configure:8306: result: yes
configure:8306: checking for stdint.h
configure:8306: gcc -c -g -O2  conftest.c >&5
configure:8306: $? = 0
configure:8306: result: yes
configure:8306: checking for unistd.h
configure:8306: gcc -c -g -O2  conftest.c >&5
configure:8306: $? = 0
configure:8306: result: yes
configure:8320: checking for dlfcn.h
configure:8320: gcc -c -g -O2  conftest.c >&5
configure:8320: $? = 0
configure:8320: result: yes
configure:8526: checking for objdir
configure:8541: result: .libs
configure:8808: checking if gcc supports -fno-rtti -fno-exceptions
configure:8826: gcc -c -g -O2  -fno-rtti -fno-exceptions conftest.c >&5
configure:8830: $? = 0
configure:8843: result: yes
configure:9170: checking for gcc option to produce PIC
configure:9177: result: -fno-common -DPIC
configure:9185: checking if gcc PIC flag -fno-common -DPIC works
configure:9203: gcc -c -g -O2  -fno-common -DPIC -DPIC conftest.c >&5
configure:9207: $? = 0
configure:9220: result: yes
configure:9249: checking if gcc static flag -static works
configure:9277: result: no
configure:9292: checking if gcc supports -c -o file.o
configure:9313: gcc -c -g -O2  -o out/conftest2.o conftest.c >&5
configure:9317: $? = 0
configure:9339: result: yes
configure:9347: checking if gcc supports -c -o file.o
configure:9394: result: yes
configure:9427: checking whether the gcc linker (/Applications/Xcode.app/Contents/Developer/Toolchains/XcodeDefault.xctoolchain/usr/bin/ld) supports shared libraries
configure:10580: result: yes
configure:10820: checking dynamic linker characteristics
configure:11553: result: darwin13.0.0 dyld
configure:11660: checking how to hardcode library paths into programs
configure:11685: result: immediate
configure:12225: checking whether stripping libraries is possible
configure:12239: result: yes
configure:12265: checking if libtool supports shared libraries
configure:12267: result: yes
configure:12270: checking whether to build shared libraries
configure:12291: result: yes
configure:12294: checking whether to build static libraries
configure:12298: result: yes
configure:12337: WARNING: AM_PATH_CHECK() is deprecated
configure:12339: WARNING: use PKG_CHECK_MODULES([CHECK], [check >= 0.9.4]) instead
configure:12350: checking for check - version >= 0.8.2
configure:12425: gcc -c -g -O2 -I/Users/ernesto/programas/check/include  conftest.c >&5
configure:12425: $? = 0
configure:12436: result: yes
configure:12499: checking for ANSI C header files
configure:12603: result: yes
configure:12613: checking for stdlib.h
configure:12613: result: yes
configure:12626: checking for stdlib.h
configure:12626: result: yes
configure:12636: checking for GNU libc compatible malloc
configure:12660: gcc -o conftest -g -O2   conftest.c  >&5
configure:12660: $? = 0
configure:12660: ./conftest
configure:12660: $? = 0
configure:12670: result: yes
configure:12807: checking that generated files are newer than configure
configure:12813: result: done
configure:12840: creating ./config.status

## ---------------------- ##
## Running config.status. ##
## ---------------------- ##

This file was extended by Mierda config.status 1.0, which was
generated by GNU Autoconf 2.69.  Invocation command line was

  CONFIG_FILES    = 
  CONFIG_HEADERS  = 
  CONFIG_LINKS    = 
  CONFIG_COMMANDS = 
  $ ./config.status 

on HAL.local

config.status:1085: creating Makefile
config.status:1085: creating src/Makefile
config.status:1085: creating tests/Makefile
config.status:1085: creating config.h
config.status:1314: executing depfiles commands
config.status:1314: executing libtool commands

## ---------------- ##
## Cache variables. ##
## ---------------- ##

ac_cv_build=x86_64-apple-darwin13.0.0
ac_cv_c_compiler_gnu=yes
ac_cv_env_CC_set=
ac_cv_env_CC_value=
ac_cv_env_CFLAGS_set=
ac_cv_env_CFLAGS_value=
ac_cv_env_CPPFLAGS_set=
ac_cv_env_CPPFLAGS_value=
ac_cv_env_CPP_set=
ac_cv_env_CPP_value=
ac_cv_env_LDFLAGS_set=
ac_cv_env_LDFLAGS_value=
ac_cv_env_LIBS_set=
ac_cv_env_LIBS_value=
ac_cv_env_build_alias_set=
ac_cv_env_build_alias_value=
ac_cv_env_host_alias_set=
ac_cv_env_host_alias_value=
ac_cv_env_target_alias_set=
ac_cv_env_target_alias_value=
ac_cv_func_malloc_0_nonnull=yes
ac_cv_header_dlfcn_h=yes
ac_cv_header_inttypes_h=yes
ac_cv_header_memory_h=yes
ac_cv_header_stdc=yes
ac_cv_header_stdint_h=yes
ac_cv_header_stdlib_h=yes
ac_cv_header_string_h=yes
ac_cv_header_strings_h=yes
ac_cv_header_sys_stat_h=yes
ac_cv_header_sys_types_h=yes
ac_cv_header_unistd_h=yes
ac_cv_host=x86_64-apple-darwin13.0.0
ac_cv_objext=o
ac_cv_path_EGREP='/usr/bin/grep -E'
ac_cv_path_FGREP='/usr/bin/grep -F'
ac_cv_path_GREP=/usr/bin/grep
ac_cv_path_SED=/Applications/Octave.app/Contents/Resources/bin/sed
ac_cv_path_install='/usr/bin/install -c'
ac_cv_prog_AWK=awk
ac_cv_prog_CPP='gcc -E'
ac_cv_prog_ac_ct_AR=ar
ac_cv_prog_ac_ct_CC=gcc
ac_cv_prog_ac_ct_DSYMUTIL=dsymutil
ac_cv_prog_ac_ct_LIPO=lipo
ac_cv_prog_ac_ct_NMEDIT=nmedit
ac_cv_prog_ac_ct_OTOOL=otool
ac_cv_prog_ac_ct_RANLIB=ranlib
ac_cv_prog_ac_ct_STRIP=strip
ac_cv_prog_cc_c89=
ac_cv_prog_cc_g=yes
ac_cv_prog_make_make_set=yes
am_cv_CC_dependencies_compiler_type=gcc3
am_cv_ar_interface=ar
am_cv_make_support_nested_variables=yes
am_cv_prog_cc_c_o=yes
lt_cv_apple_cc_single_mod=yes
lt_cv_ar_at_file=no
lt_cv_deplibs_check_method=pass_all
lt_cv_file_magic_cmd='$MAGIC_CMD'
lt_cv_file_magic_test_file=
lt_cv_ld_exported_symbols_list=yes
lt_cv_ld_force_load=yes
lt_cv_ld_reload_flag=-r
lt_cv_nm_interface='BSD nm'
lt_cv_objdir=.libs
lt_cv_path_LD=/Applications/Xcode.app/Contents/Developer/Toolchains/XcodeDefault.xctoolchain/usr/bin/ld
lt_cv_path_NM=/usr/bin/nm
lt_cv_path_mainfest_tool=no
lt_cv_prog_compiler_c_o=yes
lt_cv_prog_compiler_pic='-fno-common -DPIC'
lt_cv_prog_compiler_pic_works=yes
lt_cv_prog_compiler_rtti_exceptions=yes
lt_cv_prog_compiler_static_works=no
lt_cv_prog_gnu_ld=no
lt_cv_sharedlib_from_linklib_cmd='printf %s\n'
lt_cv_sys_global_symbol_pipe='sed -n -e '\''s/^.*[	 ]\([BCDEGRST][BCDEGRST]*\)[	 ][	 ]*_\([_A-Za-z][_A-Za-z0-9]*\)$/\1 _\2 \2/p'\'' | sed '\''/ __gnu_lto/d'\'''
lt_cv_sys_global_symbol_to_c_name_address='sed -n -e '\''s/^: \([^ ]*\)[ ]*$/  {\"\1\", (void *) 0},/p'\'' -e '\''s/^[BCDEGRST]* \([^ ]*\) \([^ ]*\)$/  {"\2", (void *) \&\2},/p'\'''
lt_cv_sys_global_symbol_to_c_name_address_lib_prefix='sed -n -e '\''s/^: \([^ ]*\)[ ]*$/  {\"\1\", (void *) 0},/p'\'' -e '\''s/^[BCDEGRST]* \([^ ]*\) \(lib[^ ]*\)$/  {"\2", (void *) \&\2},/p'\'' -e '\''s/^[BCDEGRST]* \([^ ]*\) \([^ ]*\)$/  {"lib\2", (void *) \&\2},/p'\'''
lt_cv_sys_global_symbol_to_cdecl='sed -n -e '\''s/^T .* \(.*\)$/extern int \1();/p'\'' -e '\''s/^[BCDEGRST]* .* \(.*\)$/extern char \1;/p'\'''
lt_cv_sys_max_cmd_len=196608
lt_cv_to_host_file_cmd=func_convert_file_noop
lt_cv_to_tool_file_cmd=func_convert_file_noop

## ----------------- ##
## Output variables. ##
## ----------------- ##

ACLOCAL='${SHELL} /Users/ernesto/workspace/escape_cabron/build-aux/missing aclocal-1.14'
AMDEPBACKSLASH='\'
AMDEP_FALSE='#'
AMDEP_TRUE=''
AMTAR='$${TAR-tar}'
AM_BACKSLASH='\'
AM_DEFAULT_V='$(AM_DEFAULT_VERBOSITY)'
AM_DEFAULT_VERBOSITY='1'
AM_V='$(V)'
AR='ar'
AUTOCONF='${SHELL} /Users/ernesto/workspace/escape_cabron/build-aux/missing autoconf'
AUTOHEADER='${SHELL} /Users/ernesto/workspace/escape_cabron/build-aux/missing autoheader'
AUTOMAKE='${SHELL} /Users/ernesto/workspace/escape_cabron/build-aux/missing automake-1.14'
AWK='awk'
CC='gcc'
CCDEPMODE='depmode=gcc3'
CFLAGS='-g -O2'
CHECK_CFLAGS='-I/Users/ernesto/programas/check/include'
CHECK_LIBS='-L/Users/ernesto/programas/check/lib -lcheck'
CPP='gcc -E'
CPPFLAGS=''
CYGPATH_W='echo'
DEFS='-DHAVE_CONFIG_H'
DEPDIR='.deps'
DLLTOOL='false'
DSYMUTIL='dsymutil'
DUMPBIN=''
ECHO_C='\c'
ECHO_N=''
ECHO_T=''
EGREP='/usr/bin/grep -E'
EXEEXT=''
FGREP='/usr/bin/grep -F'
GREP='/usr/bin/grep'
INSTALL_DATA='${INSTALL} -m 644'
INSTALL_PROGRAM='${INSTALL}'
INSTALL_SCRIPT='${INSTALL}'
INSTALL_STRIP_PROGRAM='$(install_sh) -c -s'
LD='/Applications/Xcode.app/Contents/Developer/Toolchains/XcodeDefault.xctoolchain/usr/bin/ld'
LDFLAGS=''
LIBOBJS=''
LIBS=''
LIBTOOL='$(SHELL) $(top_builddir)/libtool'
LIPO='lipo'
LN_S='ln -s'
LTLIBOBJS=''
MAKEINFO='${SHELL} /Users/ernesto/workspace/escape_cabron/build-aux/missing makeinfo'
MANIFEST_TOOL=':'
MKDIR_P='build-aux/install-sh -c -d'
NM='/usr/bin/nm'
NMEDIT='nmedit'
OBJDUMP='false'
OBJEXT='o'
OTOOL64=':'
OTOOL='otool'
PACKAGE='mierda'
PACKAGE_BUGREPORT='check-devel AT lists.sourceforge.net'
PACKAGE_NAME='Mierda'
PACKAGE_STRING='Mierda 1.0'
PACKAGE_TARNAME='mierda'
PACKAGE_URL=''
PACKAGE_VERSION='1.0'
PATH_SEPARATOR=':'
RANLIB='ranlib'
SED='/Applications/Octave.app/Contents/Resources/bin/sed'
SET_MAKE=''
SHELL='/bin/sh'
STRIP='strip'
VERSION='1.0'
ac_ct_AR='ar'
ac_ct_CC='gcc'
ac_ct_DUMPBIN=''
am__EXEEXT_FALSE=''
am__EXEEXT_TRUE='#'
am__fastdepCC_FALSE='#'
am__fastdepCC_TRUE=''
am__include='include'
am__isrc=''
am__leading_dot='.'
am__nodep='_no'
am__quote=''
am__tar='$${TAR-tar} chof - "$$tardir"'
am__untar='$${TAR-tar} xf -'
bindir='${exec_prefix}/bin'
build='x86_64-apple-darwin13.0.0'
build_alias=''
build_cpu='x86_64'
build_os='darwin13.0.0'
build_vendor='apple'
datadir='${datarootdir}'
datarootdir='${prefix}/share'
docdir='${datarootdir}/doc/${PACKAGE_TARNAME}'
dvidir='${docdir}'
exec_prefix='${prefix}'
host='x86_64-apple-darwin13.0.0'
host_alias=''
host_cpu='x86_64'
host_os='darwin13.0.0'
host_vendor='apple'
htmldir='${docdir}'
includedir='${prefix}/include'
infodir='${datarootdir}/info'
install_sh='${SHELL} /Users/ernesto/workspace/escape_cabron/build-aux/install-sh'
libdir='${exec_prefix}/lib'
libexecdir='${exec_prefix}/libexec'
localedir='${datarootdir}/locale'
localstatedir='${prefix}/var'
mandir='${datarootdir}/man'
mkdir_p='$(MKDIR_P)'
oldincludedir='/usr/include'
pdfdir='${docdir}'
prefix='/usr/local'
program_transform_name='s,x,x,'
psdir='${docdir}'
sbindir='${exec_prefix}/sbin'
sharedstatedir='${prefix}/com'
sysconfdir='${prefix}/etc'
target_alias=''

## ----------- ##
## confdefs.h. ##
## ----------- ##

/* confdefs.h */
#define PACKAGE_NAME "Mierda"
#define PACKAGE_TARNAME "mierda"
#define PACKAGE_VERSION "1.0"
#define PACKAGE_STRING "Mierda 1.0"
#define PACKAGE_BUGREPORT "check-devel AT lists.sourceforge.net"
#define PACKAGE_URL ""
#define PACKAGE "mierda"
#define VERSION "1.0"
#define STDC_HEADERS 1
#define HAVE_SYS_TYPES_H 1
#define HAVE_SYS_STAT_H 1
#define HAVE_STDLIB_H 1
#define HAVE_STRING_H 1
#define HAVE_MEMORY_H 1
#define HAVE_STRINGS_H 1
#define HAVE_INTTYPES_H 1
#define HAVE_STDINT_H 1
#define HAVE_UNISTD_H 1
#define HAVE_DLFCN_H 1
#define LT_OBJDIR ".libs/"
#define STDC_HEADERS 1
#define HAVE_STDLIB_H 1
#define HAVE_STDLIB_H 1
#define HAVE_MALLOC 1

configure: exit 0

## ---------------------- ##
## Running config.status. ##
## ---------------------- ##

This file was extended by Mierda config.status 1.0, which was
generated by GNU Autoconf 2.69.  Invocation command line was

  CONFIG_FILES    = 
  CONFIG_HEADERS  = 
  CONFIG_LINKS    = 
  CONFIG_COMMANDS = 
  $ ./config.status config.h

on HAL.local

config.status:1085: creating config.h
config.status:1266: config.h is unchanged

## ---------------------- ##
## Running config.status. ##
## ---------------------- ##

This file was extended by Mierda config.status 1.0, which was
generated by GNU Autoconf 2.69.  Invocation command line was

  CONFIG_FILES    = 
  CONFIG_HEADERS  = 
  CONFIG_LINKS    = 
  CONFIG_COMMANDS = 
  $ ./config.status src/Makefile depfiles

on HAL.local

config.status:1085: creating src/Makefile
config.status:1314: executing depfiles commands

## ---------------------- ##
## Running config.status. ##
## ---------------------- ##

This file was extended by Mierda config.status 1.0, which was
generated by GNU Autoconf 2.69.  Invocation command line was

  CONFIG_FILES    = 
  CONFIG_HEADERS  = 
  CONFIG_LINKS    = 
  CONFIG_COMMANDS = 
  $ ./config.status src/Makefile depfiles

on HAL.local

config.status:1085: creating src/Makefile
config.status:1314: executing depfiles commands

## ---------------------- ##
## Running config.status. ##
## ---------------------- ##

This file was extended by Mierda config.status 1.0, which was
generated by GNU Autoconf 2.69.  Invocation command line was

  CONFIG_FILES    = 
  CONFIG_HEADERS  = 
  CONFIG_LINKS    = 
  CONFIG_COMMANDS = 
  $ ./config.status src/Makefile depfiles

on HAL.local

config.status:1085: creating src/Makefile
config.status:1314: executing depfiles commands

## ---------------------- ##
## Running config.status. ##
## ---------------------- ##

This file was extended by Mierda config.status 1.0, which was
generated by GNU Autoconf 2.69.  Invocation command line was

  CONFIG_FILES    = 
  CONFIG_HEADERS  = 
  CONFIG_LINKS    = 
  CONFIG_COMMANDS = 
  $ ./config.status tests/Makefile depfiles

on HAL.local

config.status:1085: creating tests/Makefile
config.status:1314: executing depfiles commands
